# JRE version: OpenJDK Runtime Environment (8.0_212) (build 1.8.0_212-release-1586-b4-5784211)
# Java VM: OpenJDK 64-Bit Server VM (25.212-b4-5784211 mixed mode linux-amd64 compressed oops)
Heap:
 PSYoungGen      total 64000K, used 2530K [0x00000000ec180000, 0x00000000f0280000, 0x0000000100000000)
  eden space 61440K, 0% used [0x00000000ec180000,0x00000000ec180000,0x00000000efd80000)
  from space 2560K, 98% used [0x00000000efd80000,0x00000000efff8908,0x00000000f0000000)
  to   space 2560K, 0% used [0x00000000f0000000,0x00000000f0000000,0x00000000f0280000)
 ParOldGen       total 45568K, used 27033K [0x00000000c4400000, 0x00000000c7080000, 0x00000000ec180000)
  object space 45568K, 59% used [0x00000000c4400000,0x00000000c5e666e0,0x00000000c7080000)
 Metaspace       used 29437K, capacity 29952K, committed 30208K, reserved 1075200K
  class space    used 3587K, capacity 3732K, committed 3840K, reserved 1048576K
GC Heap History (10 events):
Event: 2.973 GC heap after
Heap after GC invocations=1 (full 0):
 PSYoungGen      total 17920K, used 2532K [0x00000000ec180000, 0x00000000ee480000, 0x0000000100000000)
  eden space 15360K, 0% used [0x00000000ec180000,0x00000000ec180000,0x00000000ed080000)
  from space 2560K, 98% used [0x00000000ed080000,0x00000000ed2f93e0,0x00000000ed300000)
  to   space 2560K, 0% used [0x00000000ee200000,0x00000000ee200000,0x00000000ee480000)
 ParOldGen       total 40960K, used 1060K [0x00000000c4400000, 0x00000000c6c00000, 0x00000000ec180000)
  object space 40960K, 2% used [0x00000000c4400000,0x00000000c4509030,0x00000000c6c00000)
 Metaspace       used 7355K, capacity 7484K, committed 7808K, reserved 1056768K
  class space    used 753K, capacity 796K, committed 896K, reserved 1048576K
}
Event: 3.949 GC heap before
{Heap before GC invocations=2 (full 0):
 PSYoungGen      total 17920K, used 17892K [0x00000000ec180000, 0x00000000ee480000, 0x0000000100000000)
  eden space 15360K, 100% used [0x00000000ec180000,0x00000000ed080000,0x00000000ed080000)
  from space 2560K, 98% used [0x00000000ed080000,0x00000000ed2f93e0,0x00000000ed300000)
  to   space 2560K, 0% used [0x00000000ee200000,0x00000000ee200000,0x00000000ee480000)
 ParOldGen       total 40960K, used 1060K [0x00000000c4400000, 0x00000000c6c00000, 0x00000000ec180000)
  object space 40960K, 2% used [0x00000000c4400000,0x00000000c4509030,0x00000000c6c00000)
 Metaspace       used 10106K, capacity 10300K, committed 10496K, reserved 1058816K
  class space    used 1104K, capacity 1180K, committed 1280K, reserved 1048576K
Event: 3.963 GC heap after
Heap after GC invocations=2 (full 0):
 PSYoungGen      total 33280K, used 2560K [0x00000000ec180000, 0x00000000ee480000, 0x0000000100000000)
  eden space 30720K, 0% used [0x00000000ec180000,0x00000000ec180000,0x00000000edf80000)
  from space 2560K, 100% used [0x00000000ee200000,0x00000000ee480000,0x00000000ee480000)
  to   space 2560K, 0% used [0x00000000edf80000,0x00000000edf80000,0x00000000ee200000)
 ParOldGen       total 40960K, used 3574K [0x00000000c4400000, 0x00000000c6c00000, 0x00000000ec180000)
  object space 40960K, 8% used [0x00000000c4400000,0x00000000c477d8d0,0x00000000c6c00000)
 Metaspace       used 10106K, capacity 10300K, committed 10496K, reserved 1058816K
  class space    used 1104K, capacity 1180K, committed 1280K, reserved 1048576K
}
Event: 5.532 GC heap before
{Heap before GC invocations=3 (full 0):
 PSYoungGen      total 33280K, used 33280K [0x00000000ec180000, 0x00000000ee480000, 0x0000000100000000)
  eden space 30720K, 100% used [0x00000000ec180000,0x00000000edf80000,0x00000000edf80000)
  from space 2560K, 100% used [0x00000000ee200000,0x00000000ee480000,0x00000000ee480000)
  to   space 2560K, 0% used [0x00000000edf80000,0x00000000edf80000,0x00000000ee200000)
 ParOldGen       total 40960K, used 3574K [0x00000000c4400000, 0x00000000c6c00000, 0x00000000ec180000)
  object space 40960K, 8% used [0x00000000c4400000,0x00000000c477d8d0,0x00000000c6c00000)
 Metaspace       used 15216K, capacity 15488K, committed 15744K, reserved 1062912K
  class space    used 1766K, capacity 1870K, committed 1920K, reserved 1048576K
Event: 5.567 GC heap after
Heap after GC invocations=3 (full 0):
 PSYoungGen      total 33280K, used 2547K [0x00000000ec180000, 0x00000000f0280000, 0x0000000100000000)
  eden space 30720K, 0% used [0x00000000ec180000,0x00000000ec180000,0x00000000edf80000)
  from space 2560K, 99% used [0x00000000edf80000,0x00000000ee1fcf18,0x00000000ee200000)
  to   space 2560K, 0% used [0x00000000f0000000,0x00000000f0000000,0x00000000f0280000)
 ParOldGen       total 40960K, used 10406K [0x00000000c4400000, 0x00000000c6c00000, 0x00000000ec180000)
  object space 40960K, 25% used [0x00000000c4400000,0x00000000c4e29bb8,0x00000000c6c00000)
 Metaspace       used 15216K, capacity 15488K, committed 15744K, reserved 1062912K
  class space    used 1766K, capacity 1870K, committed 1920K, reserved 1048576K
}
Event: 6.667 GC heap before
{Heap before GC invocations=4 (full 0):
 PSYoungGen      total 33280K, used 24771K [0x00000000ec180000, 0x00000000f0280000, 0x0000000100000000)
  eden space 30720K, 72% used [0x00000000ec180000,0x00000000ed733f90,0x00000000edf80000)
  from space 2560K, 99% used [0x00000000edf80000,0x00000000ee1fcf18,0x00000000ee200000)
  to   space 2560K, 0% used [0x00000000f0000000,0x00000000f0000000,0x00000000f0280000)
 ParOldGen       total 40960K, used 10406K [0x00000000c4400000, 0x00000000c6c00000, 0x00000000ec180000)
  object space 40960K, 25% used [0x00000000c4400000,0x00000000c4e29bb8,0x00000000c6c00000)
 Metaspace       used 20715K, capacity 21106K, committed 21296K, reserved 1069056K
  class space    used 2440K, capacity 2589K, committed 2688K, reserved 1048576K
Event: 6.725 GC heap after
Heap after GC invocations=4 (full 0):
 PSYoungGen      total 64000K, used 2528K [0x00000000ec180000, 0x00000000f0280000, 0x0000000100000000)
  eden space 61440K, 0% used [0x00000000ec180000,0x00000000ec180000,0x00000000efd80000)
  from space 2560K, 98% used [0x00000000f0000000,0x00000000f0278030,0x00000000f0280000)
  to   space 2560K, 0% used [0x00000000efd80000,0x00000000efd80000,0x00000000f0000000)
 ParOldGen       total 40960K, used 15533K [0x00000000c4400000, 0x00000000c6c00000, 0x00000000ec180000)
  object space 40960K, 37% used [0x00000000c4400000,0x00000000c532b650,0x00000000c6c00000)
 Metaspace       used 20715K, capacity 21106K, committed 21296K, reserved 1069056K
  class space    used 2440K, capacity 2589K, committed 2688K, reserved 1048576K
}
Event: 6.725 GC heap before
{Heap before GC invocations=5 (full 1):
 PSYoungGen      total 64000K, used 2528K [0x00000000ec180000, 0x00000000f0280000, 0x0000000100000000)
  eden space 61440K, 0% used [0x00000000ec180000,0x00000000ec180000,0x00000000efd80000)
  from space 2560K, 98% used [0x00000000f0000000,0x00000000f0278030,0x00000000f0280000)
  to   space 2560K, 0% used [0x00000000efd80000,0x00000000efd80000,0x00000000f0000000)
 ParOldGen       total 40960K, used 15533K [0x00000000c4400000, 0x00000000c6c00000, 0x00000000ec180000)
  object space 40960K, 37% used [0x00000000c4400000,0x00000000c532b650,0x00000000c6c00000)
 Metaspace       used 20715K, capacity 21106K, committed 21296K, reserved 1069056K
  class space    used 2440K, capacity 2589K, committed 2688K, reserved 1048576K
Event: 6.919 GC heap after
Heap after GC invocations=5 (full 1):
 PSYoungGen      total 64000K, used 0K [0x00000000ec180000, 0x00000000f0280000, 0x0000000100000000)
  eden space 61440K, 0% used [0x00000000ec180000,0x00000000ec180000,0x00000000efd80000)
  from space 2560K, 0% used [0x00000000f0000000,0x00000000f0000000,0x00000000f0280000)
  to   space 2560K, 0% used [0x00000000efd80000,0x00000000efd80000,0x00000000f0000000)
 ParOldGen       total 45568K, used 14039K [0x00000000c4400000, 0x00000000c7080000, 0x00000000ec180000)
  object space 45568K, 30% used [0x00000000c4400000,0x00000000c51b5c60,0x00000000c7080000)
 Metaspace       used 20715K, capacity 21106K, committed 21296K, reserved 1069056K
  class space    used 2440K, capacity 2589K, committed 2688K, reserved 1048576K
}
Event: 23.049 GC heap before
{Heap before GC invocations=6 (full 1):
 PSYoungGen      total 64000K, used 61440K [0x00000000ec180000, 0x00000000f0280000, 0x0000000100000000)
  eden space 61440K, 100% used [0x00000000ec180000,0x00000000efd80000,0x00000000efd80000)
  from space 2560K, 0% used [0x00000000f0000000,0x00000000f0000000,0x00000000f0280000)
  to   space 2560K, 0% used [0x00000000efd80000,0x00000000efd80000,0x00000000f0000000)
 ParOldGen       total 45568K, used 14039K [0x00000000c4400000, 0x00000000c7080000, 0x00000000ec180000)
  object space 45568K, 30% used [0x00000000c4400000,0x00000000c51b5c60,0x00000000c7080000)
 Metaspace       used 29437K, capacity 29952K, committed 30208K, reserved 1075200K
  class space    used 3587K, capacity 3732K, committed 3840K, reserved 1048576K

