# JRE version: OpenJDK Runtime Environment (8.0_212) (build 1.8.0_212-release-1586-b4-5784211)
# Java VM: OpenJDK 64-Bit Server VM (25.212-b4-5784211 mixed mode linux-amd64 compressed oops)
Heap:
 PSYoungGen      total 328704K, used 19446K [0x00000000e0000000, 0x00000000f5a80000, 0x0000000100000000)
  eden space 305152K, 0% used [0x00000000e0000000,0x00000000e0000000,0x00000000f2a00000)
  from space 23552K, 82% used [0x00000000f2c80000,0x00000000f3f7db40,0x00000000f4380000)
  to   space 17920K, 0% used [0x00000000f4900000,0x00000000f4900000,0x00000000f5a80000)
 ParOldGen       total 76800K, used 48852K [0x00000000a0000000, 0x00000000a4b00000, 0x00000000e0000000)
  object space 76800K, 63% used [0x00000000a0000000,0x00000000a2fb50a0,0x00000000a4b00000)
 Metaspace       used 82081K, capacity 85723K, committed 85760K, reserved 1124352K
  class space    used 10766K, capacity 11514K, committed 11520K, reserved 1048576K
GC Heap History (10 events):
Event: 16.889 GC heap after
Heap after GC invocations=13 (full 2):
 PSYoungGen      total 187904K, used 12256K [0x00000000e0000000, 0x00000000f0e00000, 0x0000000100000000)
  eden space 175616K, 0% used [0x00000000e0000000,0x00000000e0000000,0x00000000eab80000)
  from space 12288K, 99% used [0x00000000eab80000,0x00000000eb778318,0x00000000eb780000)
  to   space 16896K, 0% used [0x00000000efd80000,0x00000000efd80000,0x00000000f0e00000)
 ParOldGen       total 44544K, used 22107K [0x00000000a0000000, 0x00000000a2b80000, 0x00000000e0000000)
  object space 44544K, 49% used [0x00000000a0000000,0x00000000a1596cb0,0x00000000a2b80000)
 Metaspace       used 46869K, capacity 48094K, committed 48256K, reserved 1091584K
  class space    used 6212K, capacity 6496K, committed 6528K, reserved 1048576K
}
Event: 22.977 GC heap before
{Heap before GC invocations=14 (full 2):
 PSYoungGen      total 187904K, used 136415K [0x00000000e0000000, 0x00000000f0e00000, 0x0000000100000000)
  eden space 175616K, 70% used [0x00000000e0000000,0x00000000e793f8f8,0x00000000eab80000)
  from space 12288K, 99% used [0x00000000eab80000,0x00000000eb778318,0x00000000eb780000)
  to   space 16896K, 0% used [0x00000000efd80000,0x00000000efd80000,0x00000000f0e00000)
 ParOldGen       total 44544K, used 22107K [0x00000000a0000000, 0x00000000a2b80000, 0x00000000e0000000)
  object space 44544K, 49% used [0x00000000a0000000,0x00000000a1596cb0,0x00000000a2b80000)
 Metaspace       used 57290K, capacity 59033K, committed 59160K, reserved 1099776K
  class space    used 7672K, capacity 8064K, committed 8064K, reserved 1048576K
Event: 23.025 GC heap after
Heap after GC invocations=14 (full 2):
 PSYoungGen      total 252928K, used 15407K [0x00000000e0000000, 0x00000000f0d00000, 0x0000000100000000)
  eden space 237056K, 0% used [0x00000000e0000000,0x00000000e0000000,0x00000000ee780000)
  from space 15872K, 97% used [0x00000000efd80000,0x00000000f0c8bf38,0x00000000f0d00000)
  to   space 18944K, 0% used [0x00000000ee800000,0x00000000ee800000,0x00000000efa80000)
 ParOldGen       total 44544K, used 30895K [0x00000000a0000000, 0x00000000a2b80000, 0x00000000e0000000)
  object space 44544K, 69% used [0x00000000a0000000,0x00000000a1e2bd48,0x00000000a2b80000)
 Metaspace       used 57290K, capacity 59033K, committed 59160K, reserved 1099776K
  class space    used 7672K, capacity 8064K, committed 8064K, reserved 1048576K
}
Event: 23.025 GC heap before
{Heap before GC invocations=15 (full 3):
 PSYoungGen      total 252928K, used 15407K [0x00000000e0000000, 0x00000000f0d00000, 0x0000000100000000)
  eden space 237056K, 0% used [0x00000000e0000000,0x00000000e0000000,0x00000000ee780000)
  from space 15872K, 97% used [0x00000000efd80000,0x00000000f0c8bf38,0x00000000f0d00000)
  to   space 18944K, 0% used [0x00000000ee800000,0x00000000ee800000,0x00000000efa80000)
 ParOldGen       total 44544K, used 30895K [0x00000000a0000000, 0x00000000a2b80000, 0x00000000e0000000)
  object space 44544K, 69% used [0x00000000a0000000,0x00000000a1e2bd48,0x00000000a2b80000)
 Metaspace       used 57290K, capacity 59033K, committed 59160K, reserved 1099776K
  class space    used 7672K, capacity 8064K, committed 8064K, reserved 1048576K
Event: 23.265 GC heap after
Heap after GC invocations=15 (full 3):
 PSYoungGen      total 252928K, used 0K [0x00000000e0000000, 0x00000000f0d00000, 0x0000000100000000)
  eden space 237056K, 0% used [0x00000000e0000000,0x00000000e0000000,0x00000000ee780000)
  from space 15872K, 0% used [0x00000000efd80000,0x00000000efd80000,0x00000000f0d00000)
  to   space 18944K, 0% used [0x00000000ee800000,0x00000000ee800000,0x00000000efa80000)
 ParOldGen       total 76800K, used 37118K [0x00000000a0000000, 0x00000000a4b00000, 0x00000000e0000000)
  object space 76800K, 48% used [0x00000000a0000000,0x00000000a243fbb0,0x00000000a4b00000)
 Metaspace       used 57287K, capacity 59021K, committed 59160K, reserved 1099776K
  class space    used 7671K, capacity 8062K, committed 8064K, reserved 1048576K
}
Event: 30.860 GC heap before
{Heap before GC invocations=16 (full 3):
 PSYoungGen      total 252928K, used 237056K [0x00000000e0000000, 0x00000000f0d00000, 0x0000000100000000)
  eden space 237056K, 100% used [0x00000000e0000000,0x00000000ee780000,0x00000000ee780000)
  from space 15872K, 0% used [0x00000000efd80000,0x00000000efd80000,0x00000000f0d00000)
  to   space 18944K, 0% used [0x00000000ee800000,0x00000000ee800000,0x00000000efa80000)
 ParOldGen       total 76800K, used 37118K [0x00000000a0000000, 0x00000000a4b00000, 0x00000000e0000000)
  object space 76800K, 48% used [0x00000000a0000000,0x00000000a243fbb0,0x00000000a4b00000)
 Metaspace       used 67811K, capacity 70141K, committed 70272K, reserved 1110016K
  class space    used 9263K, capacity 9774K, committed 9856K, reserved 1048576K
Event: 30.911 GC heap after
Heap after GC invocations=16 (full 3):
 PSYoungGen      total 256512K, used 18917K [0x00000000e0000000, 0x00000000f5e80000, 0x0000000100000000)
  eden space 237568K, 0% used [0x00000000e0000000,0x00000000e0000000,0x00000000ee800000)
  from space 18944K, 99% used [0x00000000ee800000,0x00000000efa797d0,0x00000000efa80000)
  to   space 22016K, 0% used [0x00000000f4900000,0x00000000f4900000,0x00000000f5e80000)
 ParOldGen       total 76800K, used 37379K [0x00000000a0000000, 0x00000000a4b00000, 0x00000000e0000000)
  object space 76800K, 48% used [0x00000000a0000000,0x00000000a2480eb0,0x00000000a4b00000)
 Metaspace       used 67811K, capacity 70141K, committed 70272K, reserved 1110016K
  class space    used 9263K, capacity 9774K, committed 9856K, reserved 1048576K
}
Event: 3704.453 GC heap before
{Heap before GC invocations=17 (full 3):
 PSYoungGen      total 256512K, used 256485K [0x00000000e0000000, 0x00000000f5e80000, 0x0000000100000000)
  eden space 237568K, 100% used [0x00000000e0000000,0x00000000ee800000,0x00000000ee800000)
  from space 18944K, 99% used [0x00000000ee800000,0x00000000efa797d0,0x00000000efa80000)
  to   space 22016K, 0% used [0x00000000f4900000,0x00000000f4900000,0x00000000f5e80000)
 ParOldGen       total 76800K, used 37379K [0x00000000a0000000, 0x00000000a4b00000, 0x00000000e0000000)
  object space 76800K, 48% used [0x00000000a0000000,0x00000000a2480eb0,0x00000000a4b00000)
 Metaspace       used 78375K, capacity 81765K, committed 82048K, reserved 1120256K
  class space    used 10346K, capacity 11067K, committed 11136K, reserved 1048576K
Event: 3704.549 GC heap after
Heap after GC invocations=17 (full 3):
 PSYoungGen      total 323072K, used 17603K [0x00000000e0000000, 0x00000000f5a80000, 0x0000000100000000)
  eden space 305152K, 0% used [0x00000000e0000000,0x00000000e0000000,0x00000000f2a00000)
  from space 17920K, 98% used [0x00000000f4900000,0x00000000f5a30c80,0x00000000f5a80000)
  to   space 23552K, 0% used [0x00000000f2c80000,0x00000000f2c80000,0x00000000f4380000)
 ParOldGen       total 76800K, used 48844K [0x00000000a0000000, 0x00000000a4b00000, 0x00000000e0000000)
  object space 76800K, 63% used [0x00000000a0000000,0x00000000a2fb30a0,0x00000000a4b00000)
 Metaspace       used 78375K, capacity 81765K, committed 82048K, reserved 1120256K
  class space    used 10346K, capacity 11067K, committed 11136K, reserved 1048576K
}
Event: 3713.897 GC heap before
{Heap before GC invocations=18 (full 3):
 PSYoungGen      total 323072K, used 322755K [0x00000000e0000000, 0x00000000f5a80000, 0x0000000100000000)
  eden space 305152K, 100% used [0x00000000e0000000,0x00000000f2a00000,0x00000000f2a00000)
  from space 17920K, 98% used [0x00000000f4900000,0x00000000f5a30c80,0x00000000f5a80000)
  to   space 23552K, 0% used [0x00000000f2c80000,0x00000000f2c80000,0x00000000f4380000)
 ParOldGen       total 76800K, used 48844K [0x00000000a0000000, 0x00000000a4b00000, 0x00000000e0000000)
  object space 76800K, 63% used [0x00000000a0000000,0x00000000a2fb30a0,0x00000000a4b00000)
 Metaspace       used 82081K, capacity 85723K, committed 85760K, reserved 1124352K
  class space    used 10766K, capacity 11514K, committed 11520K, reserved 1048576K

